<?xml version="1.0" encoding="UTF-8"?>
<!-- Generated by org.testng.reporters.JUnitReportReporter -->
<testsuite hostname="DESKTOP-C185PLQ" failures="0" tests="1" name="xpaths.Doubleclick" time="25.918" errors="0" timestamp="2023-06-16T16:35:04 IST" skipped="0">
  <testcase classname="xpaths.Doubleclick" name="Action" time="25.918"/>
</testsuite> <!-- xpaths.Doubleclick -->
