<?xml version="1.0" encoding="UTF-8"?>
<!-- Generated by org.testng.reporters.JUnitReportReporter -->
<testsuite hostname="DESKTOP-C185PLQ" failures="0" tests="1" name="Frames.frame_concepts" time="11.490" errors="0" timestamp="2023-06-11T11:18:32 IST" skipped="0">
  <testcase classname="Frames.frame_concepts" name="concepts" time="11.490"/>
</testsuite> <!-- Frames.frame_concepts -->
