<?xml version="1.0" encoding="UTF-8"?>
<!-- Generated by org.testng.reporters.JUnitReportReporter -->
<testsuite hostname="DESKTOP-C185PLQ" failures="0" tests="1" name="screenshots.snapshots" time="17.389" errors="0" timestamp="2023-06-15T20:03:27 IST" skipped="0">
  <testcase classname="screenshots.snapshots" name="picture" time="17.389"/>
</testsuite> <!-- screenshots.snapshots -->
