<?xml version="1.0" encoding="UTF-8"?>
<!-- Generated by org.testng.reporters.JUnitReportReporter -->
<testsuite hostname="DESKTOP-C185PLQ" failures="0" tests="1" name="multipletabs.Tabs" time="14.504" errors="0" timestamp="2023-06-12T16:55:20 IST" skipped="0">
  <testcase classname="multipletabs.Tabs" name="f" time="14.504"/>
</testsuite> <!-- multipletabs.Tabs -->
