<?xml version="1.0" encoding="UTF-8"?>
<!-- Generated by org.testng.reporters.JUnitReportReporter -->
<testsuite hostname="DESKTOP-C185PLQ" failures="0" tests="1" name="Frames.frame_bywebelement" time="13.531" errors="0" timestamp="2023-06-20T14:07:06 IST" skipped="0">
  <testcase classname="Frames.frame_bywebelement" name="concepts" time="13.531"/>
</testsuite> <!-- Frames.frame_bywebelement -->
