<?xml version="1.0" encoding="UTF-8"?>
<!-- Generated by org.testng.reporters.JUnitReportReporter -->
<testsuite hostname="DESKTOP-C185PLQ" failures="0" tests="1" name="xpaths.Drag" time="19.828" errors="0" timestamp="2023-06-16T16:35:03 IST" skipped="0">
  <testcase classname="xpaths.Drag" name="Draging" time="19.828"/>
</testsuite> <!-- xpaths.Drag -->
