<?xml version="1.0" encoding="UTF-8"?>
<!-- Generated by org.testng.reporters.JUnitReportReporter -->
<testsuite hostname="DESKTOP-C185PLQ" failures="0" tests="1" name="javascript_executor.send_click" time="17.988" errors="0" timestamp="2023-07-10T11:07:11 IST" skipped="0">
  <testcase classname="javascript_executor.send_click" name="f" time="17.988"/>
</testsuite> <!-- javascript_executor.send_click -->
