<?xml version="1.0" encoding="UTF-8"?>
<!-- Generated by org.testng.reporters.JUnitReportReporter -->
<testsuite hostname="DESKTOP-C185PLQ" failures="0" tests="1" name="dropdown.drop_down" time="16.931" errors="0" timestamp="2023-06-19T18:32:43 IST" skipped="0">
  <testcase classname="dropdown.drop_down" name="test1" time="16.931"/>
</testsuite> <!-- dropdown.drop_down -->
