<?xml version="1.0" encoding="UTF-8"?>
<!-- Generated by org.testng.reporters.JUnitReportReporter -->
<testsuite hostname="DESKTOP-C185PLQ" failures="0" tests="1" name="javascript_executor.scroll_operation" time="46.057" errors="0" timestamp="2023-06-15T16:34:08 IST" skipped="0">
  <testcase classname="javascript_executor.scroll_operation" name="Scroll" time="46.057"/>
</testsuite> <!-- javascript_executor.scroll_operation -->
