<?xml version="1.0" encoding="UTF-8"?>
<!-- Generated by org.testng.reporters.JUnitReportReporter -->
<testsuite hostname="DESKTOP-C185PLQ" failures="0" tests="1" name="xpaths.Resize" time="32.763" errors="0" timestamp="2023-06-16T16:35:03 IST" skipped="0">
  <testcase classname="xpaths.Resize" name="Hold" time="32.763"/>
</testsuite> <!-- xpaths.Resize -->
