<?xml version="1.0" encoding="UTF-8"?>
<!-- Generated by org.testng.reporters.JUnitReportReporter -->
<testsuite hostname="DESKTOP-C185PLQ" failures="0" tests="1" name="javascript_executor.pageup_pagedown" time="15.450" errors="0" timestamp="2023-06-15T16:43:25 IST" skipped="0">
  <testcase classname="javascript_executor.pageup_pagedown" name="f" time="15.450"/>
</testsuite> <!-- javascript_executor.pageup_pagedown -->
