<?xml version="1.0" encoding="UTF-8"?>
<!-- Generated by org.testng.reporters.JUnitReportReporter -->
<testsuite hostname="DESKTOP-C185PLQ" failures="0" tests="1" name="multipletabs.Tabs2" time="70.814" errors="0" timestamp="2023-06-26T10:59:23 IST" skipped="0">
  <testcase classname="multipletabs.Tabs2" name="f" time="70.814"/>
</testsuite> <!-- multipletabs.Tabs2 -->
