<?xml version="1.0" encoding="UTF-8"?>
<!-- Generated by org.testng.reporters.JUnitReportReporter -->
<testsuite hostname="DESKTOP-C185PLQ" failures="0" tests="1" name="dropdown.drop_down2" time="16.025" errors="0" timestamp="2023-06-19T18:53:13 IST" skipped="0">
  <testcase classname="dropdown.drop_down2" name="test1" time="16.025"/>
</testsuite> <!-- dropdown.drop_down2 -->
