<?xml version="1.0" encoding="UTF-8"?>
<!-- Generated by org.testng.reporters.JUnitReportReporter -->
<testsuite hostname="DESKTOP-C185PLQ" failures="0" tests="1" name="Advanced_xpaths.X_paths" time="16.048" errors="0" timestamp="2023-06-16T23:27:44 IST" skipped="0">
  <testcase classname="Advanced_xpaths.X_paths" name="f" time="16.048"/>
</testsuite> <!-- Advanced_xpaths.X_paths -->
