<?xml version="1.0" encoding="UTF-8"?>
<!-- Generated by org.testng.reporters.JUnitReportReporter -->
<testsuite hostname="DESKTOP-C185PLQ" failures="0" tests="1" name="xpaths.Keys" time="32.898" errors="0" timestamp="2023-06-09T20:47:53 IST" skipped="0">
  <testcase classname="xpaths.Keys" name="keys" time="32.898"/>
</testsuite> <!-- xpaths.Keys -->
