<?xml version="1.0" encoding="UTF-8"?>
<!-- Generated by org.testng.reporters.JUnitReportReporter -->
<testsuite hostname="DESKTOP-C185PLQ" failures="0" tests="1" name="Day_008_Emailable_Report.TestExample" time="24.064" errors="0" timestamp="2023-06-20T19:56:46 IST" skipped="0">
  <testcase classname="Day_008_Emailable_Report.TestExample" name="Test1" time="24.064"/>
</testsuite> <!-- Day_008_Emailable_Report.TestExample -->
