<?xml version="1.0" encoding="UTF-8"?>
<!-- Generated by org.testng.reporters.JUnitReportReporter -->
<testsuite hostname="DESKTOP-C185PLQ" failures="0" tests="1" name="javascript_executor.borderheighlighting" time="17.680" errors="0" timestamp="2023-06-15T16:34:08 IST" skipped="0">
  <testcase classname="javascript_executor.borderheighlighting" name="colour" time="17.680"/>
</testsuite> <!-- javascript_executor.borderheighlighting -->
