<?xml version="1.0" encoding="UTF-8"?>
<!-- Generated by org.testng.reporters.JUnitReportReporter -->
<testsuite hostname="DESKTOP-C185PLQ" failures="0" tests="1" name="xpaths.Xpaths" time="31.095" errors="0" timestamp="2023-06-16T16:35:03 IST" skipped="0">
  <testcase classname="xpaths.Xpaths" name="Gopi" time="31.095"/>
</testsuite> <!-- xpaths.Xpaths -->
