<?xml version="1.0" encoding="UTF-8"?>
<!-- Generated by org.testng.reporters.JUnitReportReporter -->
<testsuite hostname="DESKTOP-C185PLQ" failures="0" tests="1" name="Testing.TC01_Skills_Non_Static" time="16.045" errors="0" timestamp="2023-06-09T20:19:25 IST" skipped="0">
  <testcase classname="Testing.TC01_Skills_Non_Static" name="MainTest1" time="16.045"/>
</testsuite> <!-- Testing.TC01_Skills_Non_Static -->
