<?xml version="1.0" encoding="UTF-8"?>
<!-- Generated by org.testng.reporters.JUnitReportReporter -->
<testsuite hostname="DESKTOP-C185PLQ" failures="0" tests="1" name="javascript_executor.title" time="22.650" errors="0" timestamp="2023-06-15T16:34:08 IST" skipped="0">
  <testcase classname="javascript_executor.title" name="titleheading" time="22.650"/>
</testsuite> <!-- javascript_executor.title -->
