<?xml version="1.0" encoding="UTF-8"?>
<!-- Generated by org.testng.reporters.JUnitReportReporter -->
<testsuite hostname="DESKTOP-C185PLQ" failures="0" tests="1" name="xpaths.Action_class" time="27.930" errors="0" timestamp="2023-06-08T19:26:25 IST" skipped="0">
  <testcase classname="xpaths.Action_class" name="Action" time="27.930"/>
</testsuite> <!-- xpaths.Action_class -->
