<?xml version="1.0" encoding="UTF-8"?>
<!-- Generated by org.testng.reporters.JUnitReportReporter -->
<testsuite hostname="DESKTOP-C185PLQ" failures="0" tests="1" name="xpaths.Hold_drag" time="17.150" errors="0" timestamp="2023-06-08T21:21:55 IST" skipped="0">
  <testcase classname="xpaths.Hold_drag" name="Hold" time="17.150"/>
</testsuite> <!-- xpaths.Hold_drag -->
